
APPLYING PREDICATE NOT SELF == "brctl-dump.txt"

APPLYING PREDICATE (null)

ENFORCING SIZE LIMIT OF 50 MB
/var/tmp/IN_PROGRESS_sysdiagnose_2000.12.31_19-35-36-0500_Mac_OS_X_MacBookPro8-1_18F132.tmp/brctl/sharedPkgExtensions.plist, Added
/var/tmp/IN_PROGRESS_sysdiagnose_2000.12.31_19-35-36-0500_Mac_OS_X_MacBookPro8-1_18F132.tmp/brctl/containers/com.apple.ScriptEditor2.plist, Added
/var/tmp/IN_PROGRESS_sysdiagnose_2000.12.31_19-35-36-0500_Mac_OS_X_MacBookPro8-1_18F132.tmp/brctl/containers/com.apple.QuickTimePlayerX.plist, Added
/var/tmp/IN_PROGRESS_sysdiagnose_2000.12.31_19-35-36-0500_Mac_OS_X_MacBookPro8-1_18F132.tmp/brctl/containers/com.apple.Preview.plist, Added
/var/tmp/IN_PROGRESS_sysdiagnose_2000.12.31_19-35-36-0500_Mac_OS_X_MacBookPro8-1_18F132.tmp/brctl/containers/com.apple.Automator.plist, Added
/var/tmp/IN_PROGRESS_sysdiagnose_2000.12.31_19-35-36-0500_Mac_OS_X_MacBookPro8-1_18F132.tmp/brctl/containers/com.apple.TextEdit.plist, Added
/var/tmp/IN_PROGRESS_sysdiagnose_2000.12.31_19-35-36-0500_Mac_OS_X_MacBookPro8-1_18F132.tmp/brctl/containers/iCloud.com.apple.iBooks.iTunesU.plist, Added
/var/tmp/IN_PROGRESS_sysdiagnose_2000.12.31_19-35-36-0500_Mac_OS_X_MacBookPro8-1_18F132.tmp/brctl/containers/iCloud.com.apple.iBooks.plist, Added
/var/tmp/IN_PROGRESS_sysdiagnose_2000.12.31_19-35-36-0500_Mac_OS_X_MacBookPro8-1_18F132.tmp/brctl/containers/com.apple.mail.plist, Added
/var/tmp/IN_PROGRESS_sysdiagnose_2000.12.31_19-35-36-0500_Mac_OS_X_MacBookPro8-1_18F132.tmp/brctl/containers/3L68KQB4HG.com.readdle.CommonDocuments.plist, Added
/var/tmp/IN_PROGRESS_sysdiagnose_2000.12.31_19-35-36-0500_Mac_OS_X_MacBookPro8-1_18F132.tmp/brctl/containers/iCloud.com.skyjos.fileexplorer.icloud.plist, Added
/var/tmp/IN_PROGRESS_sysdiagnose_2000.12.31_19-35-36-0500_Mac_OS_X_MacBookPro8-1_18F132.tmp/brctl/containers/P76F7CDB9L.com.imoreapps.portabledisk.plist, Added
/var/tmp/IN_PROGRESS_sysdiagnose_2000.12.31_19-35-36-0500_Mac_OS_X_MacBookPro8-1_18F132.tmp/brctl/containers/iCloud.org.smartdisk.plist, Added
/var/tmp/IN_PROGRESS_sysdiagnose_2000.12.31_19-35-36-0500_Mac_OS_X_MacBookPro8-1_18F132.tmp/brctl/containers/iCloud.com.macsoftex.rmanager.free.plist, Added
/var/tmp/IN_PROGRESS_sysdiagnose_2000.12.31_19-35-36-0500_Mac_OS_X_MacBookPro8-1_18F132.tmp/brctl/containers/iCloud.com.skyjos.fileexplorer.plist, Added
/var/tmp/IN_PROGRESS_sysdiagnose_2000.12.31_19-35-36-0500_Mac_OS_X_MacBookPro8-1_18F132.tmp/brctl/containers/com.apple.Keynote.plist, Added
/var/tmp/IN_PROGRESS_sysdiagnose_2000.12.31_19-35-36-0500_Mac_OS_X_MacBookPro8-1_18F132.tmp/brctl/containers/iCloud.com.artproweb.smartjsoneditor.plist, Added
/var/tmp/IN_PROGRESS_sysdiagnose_2000.12.31_19-35-36-0500_Mac_OS_X_MacBookPro8-1_18F132.tmp/brctl/containers/F3LWYJ7GM7.com.apple.garageband10.plist, Added
/var/tmp/IN_PROGRESS_sysdiagnose_2000.12.31_19-35-36-0500_Mac_OS_X_MacBookPro8-1_18F132.tmp/brctl/containers/iCloud.dk.simonbs.Jayson.plist, Added
/var/tmp/IN_PROGRESS_sysdiagnose_2000.12.31_19-35-36-0500_Mac_OS_X_MacBookPro8-1_18F132.tmp/brctl/containers/iCloud.com.nssurge.inc.plist, Added
/var/tmp/IN_PROGRESS_sysdiagnose_2000.12.31_19-35-36-0500_Mac_OS_X_MacBookPro8-1_18F132.tmp/brctl/containers/F3LWYJ7GM7.com.apple.mobilegarageband.plist, Added
/var/tmp/IN_PROGRESS_sysdiagnose_2000.12.31_19-35-36-0500_Mac_OS_X_MacBookPro8-1_18F132.tmp/brctl/containers/iCloud.com.translatoria.scanandtranslatefree2.plist, Added
/var/tmp/IN_PROGRESS_sysdiagnose_2000.12.31_19-35-36-0500_Mac_OS_X_MacBookPro8-1_18F132.tmp/brctl/containers/iCloud.com.allbond.protocol09.plist, Added
/var/tmp/IN_PROGRESS_sysdiagnose_2000.12.31_19-35-36-0500_Mac_OS_X_MacBookPro8-1_18F132.tmp/brctl/containers/9J2S3R248W.com.eightythree.iPhoneDrive.plist, Added
/var/tmp/IN_PROGRESS_sysdiagnose_2000.12.31_19-35-36-0500_Mac_OS_X_MacBookPro8-1_18F132.tmp/brctl/containers/iCloud.com.stm.filesharing.plist, Added
/var/tmp/IN_PROGRESS_sysdiagnose_2000.12.31_19-35-36-0500_Mac_OS_X_MacBookPro8-1_18F132.tmp/brctl/containers/iCloud.dk.simonbs.Scriptable.plist, Added
/var/tmp/IN_PROGRESS_sysdiagnose_2000.12.31_19-35-36-0500_Mac_OS_X_MacBookPro8-1_18F132.tmp/brctl/containers/iCloud.com.skyjos.fileexplorerfree.icloud.plist, Added
/var/tmp/IN_PROGRESS_sysdiagnose_2000.12.31_19-35-36-0500_Mac_OS_X_MacBookPro8-1_18F132.tmp/brctl/containers/6HB5Y2QTA3.com.hp.printer.control.plist, Added
/var/tmp/IN_PROGRESS_sysdiagnose_2000.12.31_19-35-36-0500_Mac_OS_X_MacBookPro8-1_18F132.tmp/brctl/containers/iCloud.com.apple.configurator.ui.plist, Added
/var/tmp/IN_PROGRESS_sysdiagnose_2000.12.31_19-35-36-0500_Mac_OS_X_MacBookPro8-1_18F132.tmp/brctl/containers/com.apple.Numbers.plist, Added
/var/tmp/IN_PROGRESS_sysdiagnose_2000.12.31_19-35-36-0500_Mac_OS_X_MacBookPro8-1_18F132.tmp/brctl/containers/F6266T9T75.com.apple.iMovie.plist, Added
/var/tmp/IN_PROGRESS_sysdiagnose_2000.12.31_19-35-36-0500_Mac_OS_X_MacBookPro8-1_18F132.tmp/brctl/containers/com.apple.Pages.plist, Added
/var/tmp/IN_PROGRESS_sysdiagnose_2000.12.31_19-35-36-0500_Mac_OS_X_MacBookPro8-1_18F132.tmp/brctl/containers/iCloud.com.stratospherix.filebrowserlite.plist, Added
/var/tmp/IN_PROGRESS_sysdiagnose_2000.12.31_19-35-36-0500_Mac_OS_X_MacBookPro8-1_18F132.tmp/brctl/containers/iCloud.com.1101.textcode-viewer.plist, Added
/var/tmp/IN_PROGRESS_sysdiagnose_2000.12.31_19-35-36-0500_Mac_OS_X_MacBookPro8-1_18F132.tmp/brctl/containers/iCloud.com.TapMedia.filebox.plist, Added
/var/tmp/IN_PROGRESS_sysdiagnose_2000.12.31_19-35-36-0500_Mac_OS_X_MacBookPro8-1_18F132.tmp/brctl/containers/iCloud.group.com.imgur.plist, Added
/var/tmp/IN_PROGRESS_sysdiagnose_2000.12.31_19-35-36-0500_Mac_OS_X_MacBookPro8-1_18F132.tmp/brctl/containers/iCloud.mega.ios.plist, Added
/var/tmp/IN_PROGRESS_sysdiagnose_2000.12.31_19-35-36-0500_Mac_OS_X_MacBookPro8-1_18F132.tmp/brctl/containers/com.apple.iBooks.cloudData.plist, Added
/var/tmp/IN_PROGRESS_sysdiagnose_2000.12.31_19-35-36-0500_Mac_OS_X_MacBookPro8-1_18F132.tmp/brctl/containers/iCloud.com.apple.mobilesafari.plist, Added
/var/tmp/IN_PROGRESS_sysdiagnose_2000.12.31_19-35-36-0500_Mac_OS_X_MacBookPro8-1_18F132.tmp/brctl/containers/iCloud.com.densitygs.Solo.plist, Added
/var/tmp/IN_PROGRESS_sysdiagnose_2000.12.31_19-35-36-0500_Mac_OS_X_MacBookPro8-1_18F132.tmp/brctl/containers/iCloud.artproweb.smartjsoneditor.plist, Added
/var/tmp/IN_PROGRESS_sysdiagnose_2000.12.31_19-35-36-0500_Mac_OS_X_MacBookPro8-1_18F132.tmp/brctl/containers/iCloud.com.futuremoments.audiomastering.plist, Added
/var/tmp/IN_PROGRESS_sysdiagnose_2000.12.31_19-35-36-0500_Mac_OS_X_MacBookPro8-1_18F132.tmp/brctl/containers/iCloud.com.spectralliaisons.Samsara.plist, Added
/var/tmp/IN_PROGRESS_sysdiagnose_2000.12.31_19-35-36-0500_Mac_OS_X_MacBookPro8-1_18F132.tmp/brctl/containers/iCloud.com.woojijuice.Hokusai.plist, Added
/var/tmp/IN_PROGRESS_sysdiagnose_2000.12.31_19-35-36-0500_Mac_OS_X_MacBookPro8-1_18F132.tmp/brctl/containers/iCloud.com.newit.4sharedsync.plist, Added
/var/tmp/IN_PROGRESS_sysdiagnose_2000.12.31_19-35-36-0500_Mac_OS_X_MacBookPro8-1_18F132.tmp/brctl/containers/iCloud.com.izotope.Spire.plist, Added
/var/tmp/IN_PROGRESS_sysdiagnose_2000.12.31_19-35-36-0500_Mac_OS_X_MacBookPro8-1_18F132.tmp/brctl/containers/iCloud.com.firecore.infuse.6.plist, Added
/var/tmp/IN_PROGRESS_sysdiagnose_2000.12.31_19-35-36-0500_Mac_OS_X_MacBookPro8-1_18F132.tmp/brctl/containers/iCloud.host.exp.Exponent.plist, Added
/var/tmp/IN_PROGRESS_sysdiagnose_2000.12.31_19-35-36-0500_Mac_OS_X_MacBookPro8-1_18F132.tmp/brctl/containers/iCloud.com.google.container.plist, Added
/var/tmp/IN_PROGRESS_sysdiagnose_2000.12.31_19-35-36-0500_Mac_OS_X_MacBookPro8-1_18F132.tmp/brctl/containers/iCloud.com.skypaw.decibelx.plist, Added
/var/tmp/IN_PROGRESS_sysdiagnose_2000.12.31_19-35-36-0500_Mac_OS_X_MacBookPro8-1_18F132.tmp/brctl/containers/iCloud.com.paradigmasoft.vstudio.plist, Added
/var/tmp/IN_PROGRESS_sysdiagnose_2000.12.31_19-35-36-0500_Mac_OS_X_MacBookPro8-1_18F132.tmp/brctl/containers/iCloud.com.densitygs.GliderVerb.plist, Added
/var/tmp/IN_PROGRESS_sysdiagnose_2000.12.31_19-35-36-0500_Mac_OS_X_MacBookPro8-1_18F132.tmp/brctl/containers/iCloud.com.dayoneapp.dayone.plist, Added
/var/tmp/IN_PROGRESS_sysdiagnose_2000.12.31_19-35-36-0500_Mac_OS_X_MacBookPro8-1_18F132.tmp/brctl/containers/iCloud.com.nerdishbynature.Git2Go.plist, Added
/var/tmp/IN_PROGRESS_sysdiagnose_2000.12.31_19-35-36-0500_Mac_OS_X_MacBookPro8-1_18F132.tmp/brctl/containers/5BM5KUC7PW.org.smartdisk.smartdiskfree.plist, Added
/var/tmp/IN_PROGRESS_sysdiagnose_2000.12.31_19-35-36-0500_Mac_OS_X_MacBookPro8-1_18F132.tmp/brctl/containers/com.apple.shoebox.plist, Added
/var/tmp/IN_PROGRESS_sysdiagnose_2000.12.31_19-35-36-0500_Mac_OS_X_MacBookPro8-1_18F132.tmp/brctl/containers/YBDADPKSTE.com.jrmobileapps.usbdisk.plist, Added
/var/tmp/IN_PROGRESS_sysdiagnose_2000.12.31_19-35-36-0500_Mac_OS_X_MacBookPro8-1_18F132.tmp/brctl/containers/iCloud.app.ruomuapp.ezaudiocut.plist, Added
/var/tmp/IN_PROGRESS_sysdiagnose_2000.12.31_19-35-36-0500_Mac_OS_X_MacBookPro8-1_18F132.tmp/brctl/containers/iCloud.com.TapMediaLtd.Pro.plist, Added
/var/tmp/IN_PROGRESS_sysdiagnose_2000.12.31_19-35-36-0500_Mac_OS_X_MacBookPro8-1_18F132.tmp/brctl/containers/iCloud.com.firecore.infuse.5.plist, Added
/var/tmp/IN_PROGRESS_sysdiagnose_2000.12.31_19-35-36-0500_Mac_OS_X_MacBookPro8-1_18F132.tmp/brctl/containers/com.apple.mobilemail.plist, Added
/var/tmp/IN_PROGRESS_sysdiagnose_2000.12.31_19-35-36-0500_Mac_OS_X_MacBookPro8-1_18F132.tmp/brctl/containers/iCloud.com.mirmay.DownloaderFREE.plist, Added
/var/tmp/IN_PROGRESS_sysdiagnose_2000.12.31_19-35-36-0500_Mac_OS_X_MacBookPro8-1_18F132.tmp/brctl/containers/iCloud.de.markussigg.Rooms.plist, Added
/var/tmp/IN_PROGRESS_sysdiagnose_2000.12.31_19-35-36-0500_Mac_OS_X_MacBookPro8-1_18F132.tmp/brctl/containers/iCloud.com.ebfsecure.safebrowser.plist, Added
/var/tmp/IN_PROGRESS_sysdiagnose_2000.12.31_19-35-36-0500_Mac_OS_X_MacBookPro8-1_18F132.tmp/brctl/containers/iCloud.com.linkedin.LinkedIn.plist, Added
/var/tmp/IN_PROGRESS_sysdiagnose_2000.12.31_19-35-36-0500_Mac_OS_X_MacBookPro8-1_18F132.tmp/brctl/containers/iCloud.com.my.mail.plist, Added
/var/tmp/IN_PROGRESS_sysdiagnose_2000.12.31_19-35-36-0500_Mac_OS_X_MacBookPro8-1_18F132.tmp/brctl/containers/iCloud.com.getdropbox.DropboxEMM.plist, Added
/var/tmp/IN_PROGRESS_sysdiagnose_2000.12.31_19-35-36-0500_Mac_OS_X_MacBookPro8-1_18F132.tmp/brctl/containers/iCloud.com.appliedphasor.working-copy.plist, Added
/var/tmp/IN_PROGRESS_sysdiagnose_2000.12.31_19-35-36-0500_Mac_OS_X_MacBookPro8-1_18F132.tmp/brctl/containers/iCloud.com.getdropbox.Dropbox.plist, Added
/var/tmp/IN_PROGRESS_sysdiagnose_2000.12.31_19-35-36-0500_Mac_OS_X_MacBookPro8-1_18F132.tmp/brctl/containers/iCloud.com.fogcreek.trello.plist, Added
/var/tmp/IN_PROGRESS_sysdiagnose_2000.12.31_19-35-36-0500_Mac_OS_X_MacBookPro8-1_18F132.tmp/brctl/containers/iCloud.com.gopotluck.over.plist, Added
/var/tmp/IN_PROGRESS_sysdiagnose_2000.12.31_19-35-36-0500_Mac_OS_X_MacBookPro8-1_18F132.tmp/brctl/containers/iCloud.ATracker.plist, Added
/var/tmp/IN_PROGRESS_sysdiagnose_2000.12.31_19-35-36-0500_Mac_OS_X_MacBookPro8-1_18F132.tmp/brctl/containers/iCloud.com.futuremoments.audiofix.plist, Added
/var/tmp/IN_PROGRESS_sysdiagnose_2000.12.31_19-35-36-0500_Mac_OS_X_MacBookPro8-1_18F132.tmp/brctl/containers/iCloud.nl.xpt.simplemindexpress.plist, Added
/var/tmp/IN_PROGRESS_sysdiagnose_2000.12.31_19-35-36-0500_Mac_OS_X_MacBookPro8-1_18F132.tmp/brctl/containers/iCloud.com.hammockdistrict.clone.plist, Added
/var/tmp/IN_PROGRESS_sysdiagnose_2000.12.31_19-35-36-0500_Mac_OS_X_MacBookPro8-1_18F132.tmp/brctl/containers/XP9YL2X6HV.com.imesart.USBDisk-Pro.plist, Added
/var/tmp/IN_PROGRESS_sysdiagnose_2000.12.31_19-35-36-0500_Mac_OS_X_MacBookPro8-1_18F132.tmp/brctl/containers/iCloud.com.audiokitpro.AudioKitSynthOne.plist, Added
/var/tmp/IN_PROGRESS_sysdiagnose_2000.12.31_19-35-36-0500_Mac_OS_X_MacBookPro8-1_18F132.tmp/brctl/containers/iCloud.com.ipopapp.filemanagerfree.plist, Added
/var/tmp/IN_PROGRESS_sysdiagnose_2000.12.31_19-35-36-0500_Mac_OS_X_MacBookPro8-1_18F132.tmp/brctl/containers/iCloud.com.tinyspeck.chatlyio.plist, Added
/var/tmp/IN_PROGRESS_sysdiagnose_2000.12.31_19-35-36-0500_Mac_OS_X_MacBookPro8-1_18F132.tmp/brctl/containers/F4J59NLL72.com.perceptionsystem.secretfolder.plist, Added
/var/tmp/IN_PROGRESS_sysdiagnose_2000.12.31_19-35-36-0500_Mac_OS_X_MacBookPro8-1_18F132.tmp/brctl/containers/iCloud.com.amazingnoises.DubFilter.plist, Added
/var/tmp/IN_PROGRESS_sysdiagnose_2000.12.31_19-35-36-0500_Mac_OS_X_MacBookPro8-1_18F132.tmp/brctl/containers/5U8NS4GX82.com.dayoneapp.dayone.plist, Added
/var/tmp/IN_PROGRESS_sysdiagnose_2000.12.31_19-35-36-0500_Mac_OS_X_MacBookPro8-1_18F132.tmp/brctl/containers/iCloud.com.adobe.Adobe-Reader.plist, Added
/var/tmp/IN_PROGRESS_sysdiagnose_2000.12.31_19-35-36-0500_Mac_OS_X_MacBookPro8-1_18F132.tmp/brctl/containers/E24N8SPR73.com.skyjos.fileexplorerfree.plist, Added
/var/tmp/IN_PROGRESS_sysdiagnose_2000.12.31_19-35-36-0500_Mac_OS_X_MacBookPro8-1_18F132.tmp/brctl/containers/iCloud.com.waze.iphone.plist, Added
/var/tmp/IN_PROGRESS_sysdiagnose_2000.12.31_19-35-36-0500_Mac_OS_X_MacBookPro8-1_18F132.tmp/brctl/containers/iCloud.com.apple.passd.plist, Added
/var/tmp/IN_PROGRESS_sysdiagnose_2000.12.31_19-35-36-0500_Mac_OS_X_MacBookPro8-1_18F132.tmp/brctl/containers/iCloud.com.mobitech3000.JotNotIPhone.plist, Added
/var/tmp/IN_PROGRESS_sysdiagnose_2000.12.31_19-35-36-0500_Mac_OS_X_MacBookPro8-1_18F132.tmp/brctl/containers/iCloud.com.apple.itunesu.plist, Added
/var/tmp/IN_PROGRESS_sysdiagnose_2000.12.31_19-35-36-0500_Mac_OS_X_MacBookPro8-1_18F132.tmp/brctl/containers/iCloud.com.qnap.qfile.plist, Added
/var/tmp/IN_PROGRESS_sysdiagnose_2000.12.31_19-35-36-0500_Mac_OS_X_MacBookPro8-1_18F132.tmp/brctl/containers/iCloud.org.videolan.vlc-ios.plist, Added
/var/tmp/IN_PROGRESS_sysdiagnose_2000.12.31_19-35-36-0500_Mac_OS_X_MacBookPro8-1_18F132.tmp/brctl/containers/iCloud.ru.denivip.transcribe.plist, Added
/var/tmp/IN_PROGRESS_sysdiagnose_2000.12.31_19-35-36-0500_Mac_OS_X_MacBookPro8-1_18F132.tmp/brctl/containers/com.apple.TextInput.plist, Added
/var/tmp/IN_PROGRESS_sysdiagnose_2000.12.31_19-35-36-0500_Mac_OS_X_MacBookPro8-1_18F132.tmp/brctl/containers/iCloud.com.HobbyistSoftware.FileGetterFree.plist, Added
/var/tmp/IN_PROGRESS_sysdiagnose_2000.12.31_19-35-36-0500_Mac_OS_X_MacBookPro8-1_18F132.tmp/brctl/containers/iCloud.com.dayoneapp.dayone-client-only.plist, Added
/var/tmp/IN_PROGRESS_sysdiagnose_2000.12.31_19-35-36-0500_Mac_OS_X_MacBookPro8-1_18F132.tmp/brctl/containers/iCloud.com.apple.DocumentsApp.plist, Added
/var/tmp/IN_PROGRESS_sysdiagnose_2000.12.31_19-35-36-0500_Mac_OS_X_MacBookPro8-1_18F132.tmp/brctl/containers/57T9237FN3.net.whatsapp.WhatsApp.plist, Added
/var/tmp/IN_PROGRESS_sysdiagnose_2000.12.31_19-35-36-0500_Mac_OS_X_MacBookPro8-1_18F132.tmp/brctl/containers/iCloud.com.audiokitsynthone.plist, Added
/var/tmp/IN_PROGRESS_sysdiagnose_2000.12.31_19-35-36-0500_Mac_OS_X_MacBookPro8-1_18F132.tmp/brctl/containers/E24N8SPR73.com.skyjos.fileexplorer.plist, Added
/var/tmp/IN_PROGRESS_sysdiagnose_2000.12.31_19-35-36-0500_Mac_OS_X_MacBookPro8-1_18F132.tmp/brctl/containers/iCloud.com.appliedphasor.working-copy-enterprise.plist, Added
/var/tmp/IN_PROGRESS_sysdiagnose_2000.12.31_19-35-36-0500_Mac_OS_X_MacBookPro8-1_18F132.tmp/brctl/containers/iCloud.com.ipopapp.zipbrowserfree.plist, Added
/var/tmp/IN_PROGRESS_sysdiagnose_2000.12.31_19-35-36-0500_Mac_OS_X_MacBookPro8-1_18F132.tmp/brctl/containers/WK8ZJL6XHE.com.anystonetech.Anytone.plist, Added
/var/tmp/IN_PROGRESS_sysdiagnose_2000.12.31_19-35-36-0500_Mac_OS_X_MacBookPro8-1_18F132.tmp/brctl/containers/iCloud.it.twsweb.Nextcloud.plist, Added
/var/tmp/IN_PROGRESS_sysdiagnose_2000.12.31_19-35-36-0500_Mac_OS_X_MacBookPro8-1_18F132.tmp/brctl/containers/iCloud.at.tomgru.circuitcalcbasic.plist, Added
/var/tmp/IN_PROGRESS_sysdiagnose_2000.12.31_19-35-36-0500_Mac_OS_X_MacBookPro8-1_18F132.tmp/brctl/containers/iCloud.com.readdle.smartemail.plist, Added
/var/tmp/IN_PROGRESS_sysdiagnose_2000.12.31_19-35-36-0500_Mac_OS_X_MacBookPro8-1_18F132.tmp/brctl/containers/iCloud.com.attachmate.reflection.mobile.unix.plist, Added
/var/tmp/IN_PROGRESS_sysdiagnose_2000.12.31_19-35-36-0500_Mac_OS_X_MacBookPro8-1_18F132.tmp/brctl/containers/iCloud.com.amazon.Drive.plist, Added
/var/tmp/IN_PROGRESS_sysdiagnose_2000.12.31_19-35-36-0500_Mac_OS_X_MacBookPro8-1_18F132.tmp/brctl/db/client.db-wal, Added
/var/tmp/IN_PROGRESS_sysdiagnose_2000.12.31_19-35-36-0500_Mac_OS_X_MacBookPro8-1_18F132.tmp/brctl/db/client.db, Max size limit reached.
/var/tmp/IN_PROGRESS_sysdiagnose_2000.12.31_19-35-36-0500_Mac_OS_X_MacBookPro8-1_18F132.tmp/brctl/db/server.db-wal, Added
/var/tmp/IN_PROGRESS_sysdiagnose_2000.12.31_19-35-36-0500_Mac_OS_X_MacBookPro8-1_18F132.tmp/brctl/db/server.db, Added
/var/tmp/IN_PROGRESS_sysdiagnose_2000.12.31_19-35-36-0500_Mac_OS_X_MacBookPro8-1_18F132.tmp/brctl/packageExtensions.plist, Added
/var/tmp/IN_PROGRESS_sysdiagnose_2000.12.31_19-35-36-0500_Mac_OS_X_MacBookPro8-1_18F132.tmp/brctl/defaults-com.apple.bird.txt, Added
/var/tmp/IN_PROGRESS_sysdiagnose_2000.12.31_19-35-36-0500_Mac_OS_X_MacBookPro8-1_18F132.tmp/brctl/ls-session-stage.txt, Added
/var/tmp/IN_PROGRESS_sysdiagnose_2000.12.31_19-35-36-0500_Mac_OS_X_MacBookPro8-1_18F132.tmp/brctl/du-caches.txt, Added
/var/tmp/IN_PROGRESS_sysdiagnose_2000.12.31_19-35-36-0500_Mac_OS_X_MacBookPro8-1_18F132.tmp/brctl/du-mobile-documents.txt, Added
/var/tmp/IN_PROGRESS_sysdiagnose_2000.12.31_19-35-36-0500_Mac_OS_X_MacBookPro8-1_18F132.tmp/brctl/ls-caches.txt, Added
/var/tmp/IN_PROGRESS_sysdiagnose_2000.12.31_19-35-36-0500_Mac_OS_X_MacBookPro8-1_18F132.tmp/brctl/ls-synced-folders.txt, Added
/var/tmp/IN_PROGRESS_sysdiagnose_2000.12.31_19-35-36-0500_Mac_OS_X_MacBookPro8-1_18F132.tmp/brctl/brctl-container-list.txt, Added
/var/tmp/IN_PROGRESS_sysdiagnose_2000.12.31_19-35-36-0500_Mac_OS_X_MacBookPro8-1_18F132.tmp/brctl/brctl-dump.txt, Added
/var/tmp/IN_PROGRESS_sysdiagnose_2000.12.31_19-35-36-0500_Mac_OS_X_MacBookPro8-1_18F132.tmp/brctl/launchctl-print.txt, Added
/var/tmp/IN_PROGRESS_sysdiagnose_2000.12.31_19-35-36-0500_Mac_OS_X_MacBookPro8-1_18F132.tmp/brctl/diagnose-errors.log, Added
/var/tmp/IN_PROGRESS_sysdiagnose_2000.12.31_19-35-36-0500_Mac_OS_X_MacBookPro8-1_18F132.tmp/brctl/brctl-dump.txt, Added
